2020-12-01 08:39:21.516 - Info	
Packing C:\Shiva\GenericLookupPCF\GenericLookupPCFSolution\obj\Release\Metadata to bin\Release\GenericLookupPCFSolution.zip

2020-12-01 08:39:21.547 - Info	Processing Component: Entities
2020-12-01 08:39:21.547 - Info	Processing Component: Roles
2020-12-01 08:39:21.547 - Info	Processing Component: Workflows
2020-12-01 08:39:21.562 - Info	Processing Component: FieldSecurityProfiles
2020-12-01 08:39:21.562 - Info	Processing Component: Templates
2020-12-01 08:39:21.562 - Info	Processing Component: EntityMaps
2020-12-01 08:39:21.562 - Info	Processing Component: EntityRelationships
2020-12-01 08:39:21.562 - Info	Processing Component: OrganizationSettings
2020-12-01 08:39:21.562 - Info	Processing Component: optionsets
2020-12-01 08:39:21.562 - Info	Processing Component: CustomControls
2020-12-01 08:39:21.594 - Info	 - GenericLookupPCFNamespace.GenericLookupPCFComponent
2020-12-01 08:39:21.875 - Info	Processing Component: SolutionPluginAssemblies
2020-12-01 08:39:21.875 - Info	Processing Component: EntityDataProviders
2020-12-01 08:39:21.937 - Info	
Managed Pack complete.

2020-12-01 09:13:28.706 - Info	
Packing C:\Shiva\GenericLookupPCF\GenericLookupPCFSolution\obj\Release\Metadata to bin\Release\GenericLookupPCFSolution.zip

2020-12-01 09:13:28.737 - Info	Processing Component: Entities
2020-12-01 09:13:28.737 - Info	Processing Component: Roles
2020-12-01 09:13:28.737 - Info	Processing Component: Workflows
2020-12-01 09:13:28.737 - Info	Processing Component: FieldSecurityProfiles
2020-12-01 09:13:28.737 - Info	Processing Component: Templates
2020-12-01 09:13:28.737 - Info	Processing Component: EntityMaps
2020-12-01 09:13:28.737 - Info	Processing Component: EntityRelationships
2020-12-01 09:13:28.753 - Info	Processing Component: OrganizationSettings
2020-12-01 09:13:28.753 - Info	Processing Component: optionsets
2020-12-01 09:13:28.753 - Info	Processing Component: CustomControls
2020-12-01 09:13:28.784 - Info	 - GenericLookupPCFNamespace.GenericLookupPCFComponent
2020-12-01 09:13:28.987 - Info	Processing Component: SolutionPluginAssemblies
2020-12-01 09:13:28.987 - Info	Processing Component: EntityDataProviders
2020-12-01 09:13:29.050 - Info	
Managed Pack complete.

2020-12-01 09:18:44.187 - Info	
Packing C:\Shiva\GenericLookupPCF\GenericLookupPCFSolution\obj\Release\Metadata to bin\Release\GenericLookupPCFSolution.zip

2020-12-01 09:18:44.203 - Info	Processing Component: Entities
2020-12-01 09:18:44.203 - Info	Processing Component: Roles
2020-12-01 09:18:44.203 - Info	Processing Component: Workflows
2020-12-01 09:18:44.203 - Info	Processing Component: FieldSecurityProfiles
2020-12-01 09:18:44.203 - Info	Processing Component: Templates
2020-12-01 09:18:44.203 - Info	Processing Component: EntityMaps
2020-12-01 09:18:44.203 - Info	Processing Component: EntityRelationships
2020-12-01 09:18:44.218 - Info	Processing Component: OrganizationSettings
2020-12-01 09:18:44.218 - Info	Processing Component: optionsets
2020-12-01 09:18:44.218 - Info	Processing Component: CustomControls
2020-12-01 09:18:44.234 - Info	 - GenericLookupPCFNamespace.GenericLookupPCFComponent
2020-12-01 09:18:44.437 - Info	Processing Component: SolutionPluginAssemblies
2020-12-01 09:18:44.437 - Info	Processing Component: EntityDataProviders
2020-12-01 09:18:44.500 - Info	
Managed Pack complete.

2020-12-01 09:43:22.117 - Info	
Packing C:\Shiva\GenericLookupPCF\GenericLookupPCFSolution\obj\Release\Metadata to bin\Release\GenericLookupPCFSolution.zip

2020-12-01 09:43:22.133 - Info	Processing Component: Entities
2020-12-01 09:43:22.133 - Info	Processing Component: Roles
2020-12-01 09:43:22.133 - Info	Processing Component: Workflows
2020-12-01 09:43:22.133 - Info	Processing Component: FieldSecurityProfiles
2020-12-01 09:43:22.133 - Info	Processing Component: Templates
2020-12-01 09:43:22.133 - Info	Processing Component: EntityMaps
2020-12-01 09:43:22.133 - Info	Processing Component: EntityRelationships
2020-12-01 09:43:22.149 - Info	Processing Component: OrganizationSettings
2020-12-01 09:43:22.149 - Info	Processing Component: optionsets
2020-12-01 09:43:22.149 - Info	Processing Component: CustomControls
2020-12-01 09:43:22.180 - Info	 - GenericLookupPCFNamespace.GenericLookupPCFComponent
2020-12-01 09:43:22.477 - Info	Processing Component: SolutionPluginAssemblies
2020-12-01 09:43:22.477 - Info	Processing Component: EntityDataProviders
2020-12-01 09:43:22.571 - Info	
Managed Pack complete.

2020-12-01 10:38:06.772 - Info	
Packing C:\Shiva\GenericLookupPCF\GenericLookupPCFSolution\obj\Release\Metadata to bin\Release\GenericLookupPCFSolution.zip

2020-12-01 10:38:06.787 - Info	Processing Component: Entities
2020-12-01 10:38:06.803 - Info	Processing Component: Roles
2020-12-01 10:38:06.803 - Info	Processing Component: Workflows
2020-12-01 10:38:06.803 - Info	Processing Component: FieldSecurityProfiles
2020-12-01 10:38:06.803 - Info	Processing Component: Templates
2020-12-01 10:38:06.803 - Info	Processing Component: EntityMaps
2020-12-01 10:38:06.803 - Info	Processing Component: EntityRelationships
2020-12-01 10:38:06.803 - Info	Processing Component: OrganizationSettings
2020-12-01 10:38:06.818 - Info	Processing Component: optionsets
2020-12-01 10:38:06.818 - Info	Processing Component: CustomControls
2020-12-01 10:38:06.834 - Info	 - GenericLookupPCFNamespace.GenericLookupPCFComponent
2020-12-01 10:38:07.162 - Info	Processing Component: SolutionPluginAssemblies
2020-12-01 10:38:07.162 - Info	Processing Component: EntityDataProviders
2020-12-01 10:38:07.240 - Info	
Managed Pack complete.

2020-12-01 14:09:27.165 - Info	
Packing C:\Shiva\GenericLookupPCF\GenericLookupPCFSolution\obj\Release\Metadata to bin\Release\GenericLookupPCFSolution.zip

2020-12-01 14:09:27.196 - Info	Processing Component: Entities
2020-12-01 14:09:27.196 - Info	Processing Component: Roles
2020-12-01 14:09:27.196 - Info	Processing Component: Workflows
2020-12-01 14:09:27.196 - Info	Processing Component: FieldSecurityProfiles
2020-12-01 14:09:27.196 - Info	Processing Component: Templates
2020-12-01 14:09:27.212 - Info	Processing Component: EntityMaps
2020-12-01 14:09:27.212 - Info	Processing Component: EntityRelationships
2020-12-01 14:09:27.228 - Info	Processing Component: OrganizationSettings
2020-12-01 14:09:27.228 - Info	Processing Component: optionsets
2020-12-01 14:09:27.228 - Info	Processing Component: CustomControls
2020-12-01 14:09:27.259 - Info	 - GenericLookupPCFNamespace.GenericLookupPCFComponent
2020-12-01 14:09:27.446 - Info	Processing Component: SolutionPluginAssemblies
2020-12-01 14:09:27.446 - Info	Processing Component: EntityDataProviders
2020-12-01 14:09:27.509 - Info	
Managed Pack complete.

2020-12-01 16:18:13.534 - Info	
Packing C:\Shiva\GenericLookupPCF\GenericLookupPCFSolution\obj\Release\Metadata to bin\Release\GenericLookupPCFSolution.zip

2020-12-01 16:18:13.550 - Info	Processing Component: Entities
2020-12-01 16:18:13.565 - Info	Processing Component: Roles
2020-12-01 16:18:13.565 - Info	Processing Component: Workflows
2020-12-01 16:18:13.565 - Info	Processing Component: FieldSecurityProfiles
2020-12-01 16:18:13.565 - Info	Processing Component: Templates
2020-12-01 16:18:13.565 - Info	Processing Component: EntityMaps
2020-12-01 16:18:13.565 - Info	Processing Component: EntityRelationships
2020-12-01 16:18:13.581 - Info	Processing Component: OrganizationSettings
2020-12-01 16:18:13.581 - Info	Processing Component: optionsets
2020-12-01 16:18:13.581 - Info	Processing Component: CustomControls
2020-12-01 16:18:13.612 - Info	 - GenericLookupPCFNamespace.GenericLookupPCFComponent
2020-12-01 16:18:13.815 - Info	Processing Component: SolutionPluginAssemblies
2020-12-01 16:18:13.815 - Info	Processing Component: EntityDataProviders
2020-12-01 16:18:13.878 - Info	
Managed Pack complete.

2020-12-01 16:36:44.904 - Info	
Packing C:\Shiva\GenericLookupPCF\GenericLookupPCFSolution\obj\Release\Metadata to bin\Release\GenericLookupPCFSolution.zip

2020-12-01 16:36:44.919 - Info	Processing Component: Entities
2020-12-01 16:36:44.919 - Info	Processing Component: Roles
2020-12-01 16:36:44.935 - Info	Processing Component: Workflows
2020-12-01 16:36:44.935 - Info	Processing Component: FieldSecurityProfiles
2020-12-01 16:36:44.935 - Info	Processing Component: Templates
2020-12-01 16:36:44.935 - Info	Processing Component: EntityMaps
2020-12-01 16:36:44.935 - Info	Processing Component: EntityRelationships
2020-12-01 16:36:44.935 - Info	Processing Component: OrganizationSettings
2020-12-01 16:36:44.951 - Info	Processing Component: optionsets
2020-12-01 16:36:44.951 - Info	Processing Component: CustomControls
2020-12-01 16:36:44.966 - Info	 - GenericLookupPCFNamespace.GenericLookupPCFComponent
2020-12-01 16:36:45.154 - Info	Processing Component: SolutionPluginAssemblies
2020-12-01 16:36:45.154 - Info	Processing Component: EntityDataProviders
2020-12-01 16:36:45.232 - Info	
Managed Pack complete.

2020-12-01 18:46:40.900 - Info	
Packing C:\Shiva\GenericLookupPCF\GenericLookupPCFSolution\obj\Release\Metadata to bin\Release\GenericLookupPCFSolution.zip

2020-12-01 18:46:40.916 - Info	Processing Component: Entities
2020-12-01 18:46:40.916 - Info	Processing Component: Roles
2020-12-01 18:46:40.931 - Info	Processing Component: Workflows
2020-12-01 18:46:40.931 - Info	Processing Component: FieldSecurityProfiles
2020-12-01 18:46:40.931 - Info	Processing Component: Templates
2020-12-01 18:46:40.931 - Info	Processing Component: EntityMaps
2020-12-01 18:46:40.931 - Info	Processing Component: EntityRelationships
2020-12-01 18:46:40.931 - Info	Processing Component: OrganizationSettings
2020-12-01 18:46:40.931 - Info	Processing Component: optionsets
2020-12-01 18:46:40.931 - Info	Processing Component: CustomControls
2020-12-01 18:46:40.963 - Info	 - GenericLookupPCFNamespace.GenericLookupPCFComponent
2020-12-01 18:46:41.322 - Info	Processing Component: SolutionPluginAssemblies
2020-12-01 18:46:41.322 - Info	Processing Component: EntityDataProviders
2020-12-01 18:46:41.447 - Info	
Managed Pack complete.

2020-12-01 19:24:52.531 - Info	
Packing C:\Shiva\GenericLookupPCF\GenericLookupPCFSolution\obj\Release\Metadata to bin\Release\GenericLookupPCFSolution.zip

2020-12-01 19:24:52.547 - Info	Processing Component: Entities
2020-12-01 19:24:52.562 - Info	Processing Component: Roles
2020-12-01 19:24:52.562 - Info	Processing Component: Workflows
2020-12-01 19:24:52.562 - Info	Processing Component: FieldSecurityProfiles
2020-12-01 19:24:52.562 - Info	Processing Component: Templates
2020-12-01 19:24:52.562 - Info	Processing Component: EntityMaps
2020-12-01 19:24:52.562 - Info	Processing Component: EntityRelationships
2020-12-01 19:24:52.578 - Info	Processing Component: OrganizationSettings
2020-12-01 19:24:52.578 - Info	Processing Component: optionsets
2020-12-01 19:24:52.578 - Info	Processing Component: CustomControls
2020-12-01 19:24:52.609 - Info	 - GenericLookupPCFNamespace.GenericLookupPCFComponent
2020-12-01 19:24:53.047 - Info	Processing Component: SolutionPluginAssemblies
2020-12-01 19:24:53.047 - Info	Processing Component: EntityDataProviders
2020-12-01 19:24:53.172 - Info	
Managed Pack complete.

2020-12-01 19:40:13.384 - Info	
Packing C:\Shiva\GenericLookupPCF\GenericLookupPCFSolution\obj\Release\Metadata to bin\Release\GenericLookupPCFSolution.zip

2020-12-01 19:40:13.399 - Info	Processing Component: Entities
2020-12-01 19:40:13.399 - Info	Processing Component: Roles
2020-12-01 19:40:13.415 - Info	Processing Component: Workflows
2020-12-01 19:40:13.415 - Info	Processing Component: FieldSecurityProfiles
2020-12-01 19:40:13.415 - Info	Processing Component: Templates
2020-12-01 19:40:13.415 - Info	Processing Component: EntityMaps
2020-12-01 19:40:13.415 - Info	Processing Component: EntityRelationships
2020-12-01 19:40:13.415 - Info	Processing Component: OrganizationSettings
2020-12-01 19:40:13.415 - Info	Processing Component: optionsets
2020-12-01 19:40:13.415 - Info	Processing Component: CustomControls
2020-12-01 19:40:13.446 - Info	 - GenericLookupPCFNamespace.GenericLookupPCFComponent
2020-12-01 19:40:13.790 - Info	Processing Component: SolutionPluginAssemblies
2020-12-01 19:40:13.806 - Info	Processing Component: EntityDataProviders
2020-12-01 19:40:13.915 - Info	
Managed Pack complete.

2020-12-02 09:49:34.072 - Info	
Packing C:\Shiva\GenericLookupPCF\GenericLookupPCFSolution\obj\Release\Metadata to bin\Release\GenericLookupPCFSolution.zip

2020-12-02 09:49:34.119 - Info	Processing Component: Entities
2020-12-02 09:49:34.119 - Info	Processing Component: Roles
2020-12-02 09:49:34.119 - Info	Processing Component: Workflows
2020-12-02 09:49:34.119 - Info	Processing Component: FieldSecurityProfiles
2020-12-02 09:49:34.119 - Info	Processing Component: Templates
2020-12-02 09:49:34.119 - Info	Processing Component: EntityMaps
2020-12-02 09:49:34.119 - Info	Processing Component: EntityRelationships
2020-12-02 09:49:34.134 - Info	Processing Component: OrganizationSettings
2020-12-02 09:49:34.134 - Info	Processing Component: optionsets
2020-12-02 09:49:34.134 - Info	Processing Component: CustomControls
2020-12-02 09:49:34.166 - Info	 - GenericLookupPCFNamespace.GenericLookupPCFComponent
2020-12-02 09:49:34.494 - Info	Processing Component: SolutionPluginAssemblies
2020-12-02 09:49:34.494 - Info	Processing Component: EntityDataProviders
2020-12-02 09:49:34.603 - Info	
Managed Pack complete.

2020-12-02 16:41:25.756 - Info	
Packing C:\Shiva\GenericLookupPCF\GenericLookupPCFSolution\obj\Release\Metadata to bin\Release\GenericLookupPCFSolution.zip

2020-12-02 16:41:25.787 - Info	Processing Component: Entities
2020-12-02 16:41:25.787 - Info	Processing Component: Roles
2020-12-02 16:41:25.787 - Info	Processing Component: Workflows
2020-12-02 16:41:25.787 - Info	Processing Component: FieldSecurityProfiles
2020-12-02 16:41:25.803 - Info	Processing Component: Templates
2020-12-02 16:41:25.803 - Info	Processing Component: EntityMaps
2020-12-02 16:41:25.803 - Info	Processing Component: EntityRelationships
2020-12-02 16:41:25.818 - Info	Processing Component: OrganizationSettings
2020-12-02 16:41:25.818 - Info	Processing Component: optionsets
2020-12-02 16:41:25.818 - Info	Processing Component: CustomControls
2020-12-02 16:41:25.834 - Info	 - GenericLookupPCFNamespace.GenericLookupPCFComponent
2020-12-02 16:41:26.240 - Info	Processing Component: SolutionPluginAssemblies
2020-12-02 16:41:26.240 - Info	Processing Component: EntityDataProviders
2020-12-02 16:41:26.365 - Info	
Managed Pack complete.

2020-12-02 17:01:15.471 - Info	
Packing C:\Shiva\GenericLookupPCF\GenericLookupPCFSolution\obj\Release\Metadata to bin\Release\GenericLookupPCFSolution.zip

2020-12-02 17:01:15.487 - Info	Processing Component: Entities
2020-12-02 17:01:15.487 - Info	Processing Component: Roles
2020-12-02 17:01:15.487 - Info	Processing Component: Workflows
2020-12-02 17:01:15.487 - Info	Processing Component: FieldSecurityProfiles
2020-12-02 17:01:15.487 - Info	Processing Component: Templates
2020-12-02 17:01:15.487 - Info	Processing Component: EntityMaps
2020-12-02 17:01:15.487 - Info	Processing Component: EntityRelationships
2020-12-02 17:01:15.503 - Info	Processing Component: OrganizationSettings
2020-12-02 17:01:15.503 - Info	Processing Component: optionsets
2020-12-02 17:01:15.503 - Info	Processing Component: CustomControls
2020-12-02 17:01:15.518 - Info	 - GenericLookupPCFNamespace.GenericLookupPCFComponent
2020-12-02 17:01:15.878 - Info	Processing Component: SolutionPluginAssemblies
2020-12-02 17:01:15.893 - Info	Processing Component: EntityDataProviders
2020-12-02 17:01:16.003 - Info	
Managed Pack complete.

2020-12-02 17:05:28.517 - Info	
Packing C:\Shiva\GenericLookupPCF\GenericLookupPCFSolution\obj\Release\Metadata to bin\Release\GenericLookupPCFSolution.zip

2020-12-02 17:05:28.532 - Info	Processing Component: Entities
2020-12-02 17:05:28.532 - Info	Processing Component: Roles
2020-12-02 17:05:28.532 - Info	Processing Component: Workflows
2020-12-02 17:05:28.532 - Info	Processing Component: FieldSecurityProfiles
2020-12-02 17:05:28.532 - Info	Processing Component: Templates
2020-12-02 17:05:28.532 - Info	Processing Component: EntityMaps
2020-12-02 17:05:28.532 - Info	Processing Component: EntityRelationships
2020-12-02 17:05:28.548 - Info	Processing Component: OrganizationSettings
2020-12-02 17:05:28.548 - Info	Processing Component: optionsets
2020-12-02 17:05:28.548 - Info	Processing Component: CustomControls
2020-12-02 17:05:28.564 - Info	 - GenericLookupPCFNamespace.GenericLookupPCFComponent
2020-12-02 17:05:28.923 - Info	Processing Component: SolutionPluginAssemblies
2020-12-02 17:05:28.923 - Info	Processing Component: EntityDataProviders
2020-12-02 17:05:29.032 - Info	
Managed Pack complete.

2020-12-03 06:15:41.572 - Info	
Packing C:\Shiva\GenericLookupPCF\GenericLookupPCFSolution\obj\Release\Metadata to bin\Release\GenericLookupPCFSolution.zip

2020-12-03 06:15:41.603 - Info	Processing Component: Entities
2020-12-03 06:15:41.603 - Info	Processing Component: Roles
2020-12-03 06:15:41.603 - Info	Processing Component: Workflows
2020-12-03 06:15:41.603 - Info	Processing Component: FieldSecurityProfiles
2020-12-03 06:15:41.603 - Info	Processing Component: Templates
2020-12-03 06:15:41.619 - Info	Processing Component: EntityMaps
2020-12-03 06:15:41.619 - Info	Processing Component: EntityRelationships
2020-12-03 06:15:41.619 - Info	Processing Component: OrganizationSettings
2020-12-03 06:15:41.619 - Info	Processing Component: optionsets
2020-12-03 06:15:41.635 - Info	Processing Component: CustomControls
2020-12-03 06:15:41.650 - Info	 - GenericLookupPCFNamespace.GenericLookupPCFComponent
2020-12-03 06:15:42.041 - Info	Processing Component: SolutionPluginAssemblies
2020-12-03 06:15:42.041 - Info	Processing Component: EntityDataProviders
2020-12-03 06:15:42.166 - Info	
Managed Pack complete.

2020-12-03 06:24:25.658 - Info	
Packing C:\Shiva\GenericLookupPCF\GenericLookupPCFSolution\obj\Release\Metadata to bin\Release\GenericLookupPCFSolution.zip

2020-12-03 06:24:25.674 - Info	Processing Component: Entities
2020-12-03 06:24:25.674 - Info	Processing Component: Roles
2020-12-03 06:24:25.689 - Info	Processing Component: Workflows
2020-12-03 06:24:25.689 - Info	Processing Component: FieldSecurityProfiles
2020-12-03 06:24:25.689 - Info	Processing Component: Templates
2020-12-03 06:24:25.689 - Info	Processing Component: EntityMaps
2020-12-03 06:24:25.689 - Info	Processing Component: EntityRelationships
2020-12-03 06:24:25.689 - Info	Processing Component: OrganizationSettings
2020-12-03 06:24:25.689 - Info	Processing Component: optionsets
2020-12-03 06:24:25.689 - Info	Processing Component: CustomControls
2020-12-03 06:24:25.705 - Info	 - GenericLookupPCFNamespace.GenericLookupPCFComponent
2020-12-03 06:24:26.080 - Info	Processing Component: SolutionPluginAssemblies
2020-12-03 06:24:26.080 - Info	Processing Component: EntityDataProviders
2020-12-03 06:24:26.189 - Info	
Managed Pack complete.

2020-12-03 07:17:35.208 - Info	
Packing C:\Shiva\GenericLookupPCF\GenericLookupPCFSolution\obj\Release\Metadata to bin\Release\GenericLookupPCFSolution.zip

2020-12-03 07:17:35.208 - Info	Processing Component: Entities
2020-12-03 07:17:35.224 - Info	Processing Component: Roles
2020-12-03 07:17:35.224 - Info	Processing Component: Workflows
2020-12-03 07:17:35.224 - Info	Processing Component: FieldSecurityProfiles
2020-12-03 07:17:35.224 - Info	Processing Component: Templates
2020-12-03 07:17:35.224 - Info	Processing Component: EntityMaps
2020-12-03 07:17:35.224 - Info	Processing Component: EntityRelationships
2020-12-03 07:17:35.224 - Info	Processing Component: OrganizationSettings
2020-12-03 07:17:35.224 - Info	Processing Component: optionsets
2020-12-03 07:17:35.224 - Info	Processing Component: CustomControls
2020-12-03 07:17:35.239 - Info	 - GenericLookupPCFNamespace.GenericLookupPCFComponent
2020-12-03 07:17:35.677 - Info	Processing Component: SolutionPluginAssemblies
2020-12-03 07:17:35.677 - Info	Processing Component: EntityDataProviders
2020-12-03 07:17:35.802 - Info	
Managed Pack complete.

2020-12-03 09:17:26.306 - Info	
Packing C:\Shiva\GenericLookupPCF\GenericLookupPCFSolution\obj\Release\Metadata to bin\Release\GenericLookupPCFSolution.zip

2020-12-03 09:17:26.337 - Info	Processing Component: Entities
2020-12-03 09:17:26.337 - Info	Processing Component: Roles
2020-12-03 09:17:26.337 - Info	Processing Component: Workflows
2020-12-03 09:17:26.353 - Info	Processing Component: FieldSecurityProfiles
2020-12-03 09:17:26.353 - Info	Processing Component: Templates
2020-12-03 09:17:26.353 - Info	Processing Component: EntityMaps
2020-12-03 09:17:26.353 - Info	Processing Component: EntityRelationships
2020-12-03 09:17:26.353 - Info	Processing Component: OrganizationSettings
2020-12-03 09:17:26.353 - Info	Processing Component: optionsets
2020-12-03 09:17:26.353 - Info	Processing Component: CustomControls
2020-12-03 09:17:26.369 - Info	 - GenericLookupPCFNamespace.GenericLookupPCFComponent
2020-12-03 09:17:26.728 - Info	Processing Component: SolutionPluginAssemblies
2020-12-03 09:17:26.728 - Info	Processing Component: EntityDataProviders
2020-12-03 09:17:26.853 - Info	
Managed Pack complete.

2020-12-03 09:22:36.720 - Info	
Packing C:\Shiva\GenericLookupPCF\GenericLookupPCFSolution\obj\Release\Metadata to bin\Release\GenericLookupPCFSolution.zip

2020-12-03 09:22:36.736 - Info	Processing Component: Entities
2020-12-03 09:22:36.736 - Info	Processing Component: Roles
2020-12-03 09:22:36.736 - Info	Processing Component: Workflows
2020-12-03 09:22:36.736 - Info	Processing Component: FieldSecurityProfiles
2020-12-03 09:22:36.736 - Info	Processing Component: Templates
2020-12-03 09:22:36.736 - Info	Processing Component: EntityMaps
2020-12-03 09:22:36.736 - Info	Processing Component: EntityRelationships
2020-12-03 09:22:36.751 - Info	Processing Component: OrganizationSettings
2020-12-03 09:22:36.751 - Info	Processing Component: optionsets
2020-12-03 09:22:36.751 - Info	Processing Component: CustomControls
2020-12-03 09:22:36.767 - Info	 - GenericLookupPCFNamespace.GenericLookupPCFComponent
2020-12-03 09:22:37.126 - Info	Processing Component: SolutionPluginAssemblies
2020-12-03 09:22:37.126 - Info	Processing Component: EntityDataProviders
2020-12-03 09:22:37.236 - Info	
Managed Pack complete.

2020-12-03 09:36:33.048 - Info	
Packing C:\Shiva\GenericLookupPCF\GenericLookupPCFSolution\obj\Release\Metadata to bin\Release\GenericLookupPCFSolution.zip

2020-12-03 09:36:33.064 - Info	Processing Component: Entities
2020-12-03 09:36:33.064 - Info	Processing Component: Roles
2020-12-03 09:36:33.079 - Info	Processing Component: Workflows
2020-12-03 09:36:33.079 - Info	Processing Component: FieldSecurityProfiles
2020-12-03 09:36:33.079 - Info	Processing Component: Templates
2020-12-03 09:36:33.079 - Info	Processing Component: EntityMaps
2020-12-03 09:36:33.079 - Info	Processing Component: EntityRelationships
2020-12-03 09:36:33.079 - Info	Processing Component: OrganizationSettings
2020-12-03 09:36:33.079 - Info	Processing Component: optionsets
2020-12-03 09:36:33.079 - Info	Processing Component: CustomControls
2020-12-03 09:36:33.110 - Info	 - GenericLookupPCFNamespace.GenericLookupPCFComponent
2020-12-03 09:36:33.532 - Info	Processing Component: SolutionPluginAssemblies
2020-12-03 09:36:33.532 - Info	Processing Component: EntityDataProviders
2020-12-03 09:36:33.689 - Info	
Managed Pack complete.

2020-12-03 10:07:53.938 - Info	
Packing C:\Shiva\GenericLookupPCF\GenericLookupPCFSolution\obj\Release\Metadata to bin\Release\GenericLookupPCFSolution.zip

2020-12-03 10:07:53.938 - Info	Processing Component: Entities
2020-12-03 10:07:53.954 - Info	Processing Component: Roles
2020-12-03 10:07:53.954 - Info	Processing Component: Workflows
2020-12-03 10:07:53.954 - Info	Processing Component: FieldSecurityProfiles
2020-12-03 10:07:53.954 - Info	Processing Component: Templates
2020-12-03 10:07:53.954 - Info	Processing Component: EntityMaps
2020-12-03 10:07:53.954 - Info	Processing Component: EntityRelationships
2020-12-03 10:07:53.954 - Info	Processing Component: OrganizationSettings
2020-12-03 10:07:53.970 - Info	Processing Component: optionsets
2020-12-03 10:07:53.970 - Info	Processing Component: CustomControls
2020-12-03 10:07:53.985 - Info	 - GenericLookupPCFNamespace.GenericLookupPCFComponent
2020-12-03 10:07:54.594 - Info	Processing Component: SolutionPluginAssemblies
2020-12-03 10:07:54.603 - Info	Processing Component: EntityDataProviders
2020-12-03 10:07:54.719 - Info	
Managed Pack complete.

2020-12-03 10:16:21.288 - Info	
Packing C:\Shiva\GenericLookupPCF\GenericLookupPCFSolution\obj\Release\Metadata to bin\Release\GenericLookupPCFSolution.zip

2020-12-03 10:16:21.304 - Info	Processing Component: Entities
2020-12-03 10:16:21.320 - Info	Processing Component: Roles
2020-12-03 10:16:21.320 - Info	Processing Component: Workflows
2020-12-03 10:16:21.320 - Info	Processing Component: FieldSecurityProfiles
2020-12-03 10:16:21.320 - Info	Processing Component: Templates
2020-12-03 10:16:21.320 - Info	Processing Component: EntityMaps
2020-12-03 10:16:21.320 - Info	Processing Component: EntityRelationships
2020-12-03 10:16:21.320 - Info	Processing Component: OrganizationSettings
2020-12-03 10:16:21.320 - Info	Processing Component: optionsets
2020-12-03 10:16:21.320 - Info	Processing Component: CustomControls
2020-12-03 10:16:21.351 - Info	 - GenericLookupPCFNamespace.GenericLookupPCFComponent
2020-12-03 10:16:21.710 - Info	Processing Component: SolutionPluginAssemblies
2020-12-03 10:16:21.710 - Info	Processing Component: EntityDataProviders
2020-12-03 10:16:21.866 - Info	
Managed Pack complete.

2020-12-03 10:53:05.078 - Info	
Packing C:\Shiva\GenericLookupPCF\GenericLookupPCFSolution\obj\Release\Metadata to bin\Release\GenericLookupPCFSolution.zip

2020-12-03 10:53:05.109 - Info	Processing Component: Entities
2020-12-03 10:53:05.109 - Info	Processing Component: Roles
2020-12-03 10:53:05.109 - Info	Processing Component: Workflows
2020-12-03 10:53:05.109 - Info	Processing Component: FieldSecurityProfiles
2020-12-03 10:53:05.109 - Info	Processing Component: Templates
2020-12-03 10:53:05.109 - Info	Processing Component: EntityMaps
2020-12-03 10:53:05.109 - Info	Processing Component: EntityRelationships
2020-12-03 10:53:05.124 - Info	Processing Component: OrganizationSettings
2020-12-03 10:53:05.124 - Info	Processing Component: optionsets
2020-12-03 10:53:05.124 - Info	Processing Component: CustomControls
2020-12-03 10:53:05.140 - Info	 - GenericLookupPCFNamespace.GenericLookupPCFComponent
2020-12-03 10:53:05.546 - Info	Processing Component: SolutionPluginAssemblies
2020-12-03 10:53:05.546 - Info	Processing Component: EntityDataProviders
2020-12-03 10:53:05.671 - Info	
Managed Pack complete.

2020-12-03 11:08:10.473 - Info	
Packing C:\Shiva\GenericLookupPCF\GenericLookupPCFSolution\obj\Release\Metadata to bin\Release\GenericLookupPCFSolution.zip

2020-12-03 11:08:10.489 - Info	Processing Component: Entities
2020-12-03 11:08:10.489 - Info	Processing Component: Roles
2020-12-03 11:08:10.489 - Info	Processing Component: Workflows
2020-12-03 11:08:10.489 - Info	Processing Component: FieldSecurityProfiles
2020-12-03 11:08:10.489 - Info	Processing Component: Templates
2020-12-03 11:08:10.489 - Info	Processing Component: EntityMaps
2020-12-03 11:08:10.489 - Info	Processing Component: EntityRelationships
2020-12-03 11:08:10.504 - Info	Processing Component: OrganizationSettings
2020-12-03 11:08:10.504 - Info	Processing Component: optionsets
2020-12-03 11:08:10.504 - Info	Processing Component: CustomControls
2020-12-03 11:08:10.520 - Info	 - GenericLookupPCFNamespace.GenericLookupPCFComponent
2020-12-03 11:08:11.129 - Info	Processing Component: SolutionPluginAssemblies
2020-12-03 11:08:11.145 - Info	Processing Component: EntityDataProviders
2020-12-03 11:08:11.254 - Info	
Managed Pack complete.

2020-12-03 11:10:41.297 - Info	
Packing C:\Shiva\GenericLookupPCF\GenericLookupPCFSolution\obj\Release\Metadata to bin\Release\GenericLookupPCFSolution.zip

2020-12-03 11:10:41.312 - Info	Processing Component: Entities
2020-12-03 11:10:41.312 - Info	Processing Component: Roles
2020-12-03 11:10:41.312 - Info	Processing Component: Workflows
2020-12-03 11:10:41.312 - Info	Processing Component: FieldSecurityProfiles
2020-12-03 11:10:41.312 - Info	Processing Component: Templates
2020-12-03 11:10:41.312 - Info	Processing Component: EntityMaps
2020-12-03 11:10:41.312 - Info	Processing Component: EntityRelationships
2020-12-03 11:10:41.328 - Info	Processing Component: OrganizationSettings
2020-12-03 11:10:41.328 - Info	Processing Component: optionsets
2020-12-03 11:10:41.328 - Info	Processing Component: CustomControls
2020-12-03 11:10:41.344 - Info	 - GenericLookupPCFNamespace.GenericLookupPCFComponent
2020-12-03 11:10:41.797 - Info	Processing Component: SolutionPluginAssemblies
2020-12-03 11:10:41.797 - Info	Processing Component: EntityDataProviders
2020-12-03 11:10:41.953 - Info	
Managed Pack complete.

2020-12-03 11:19:43.822 - Info	
Packing C:\Shiva\GenericLookupPCF\GenericLookupPCFSolution\obj\Release\Metadata to bin\Release\GenericLookupPCFSolution.zip

2020-12-03 11:19:43.837 - Info	Processing Component: Entities
2020-12-03 11:19:43.853 - Info	Processing Component: Roles
2020-12-03 11:19:43.853 - Info	Processing Component: Workflows
2020-12-03 11:19:43.853 - Info	Processing Component: FieldSecurityProfiles
2020-12-03 11:19:43.853 - Info	Processing Component: Templates
2020-12-03 11:19:43.853 - Info	Processing Component: EntityMaps
2020-12-03 11:19:43.853 - Info	Processing Component: EntityRelationships
2020-12-03 11:19:43.853 - Info	Processing Component: OrganizationSettings
2020-12-03 11:19:43.853 - Info	Processing Component: optionsets
2020-12-03 11:19:43.853 - Info	Processing Component: CustomControls
2020-12-03 11:19:43.884 - Info	 - GenericLookupPCFNamespace.GenericLookupPCFComponent
2020-12-03 11:19:44.415 - Info	Processing Component: SolutionPluginAssemblies
2020-12-03 11:19:44.425 - Info	Processing Component: EntityDataProviders
2020-12-03 11:19:44.540 - Info	
Managed Pack complete.

2020-12-03 11:25:44.333 - Info	
Packing C:\Shiva\GenericLookupPCF\GenericLookupPCFSolution\obj\Release\Metadata to bin\Release\GenericLookupPCFSolution.zip

2020-12-03 11:25:44.348 - Info	Processing Component: Entities
2020-12-03 11:25:44.348 - Info	Processing Component: Roles
2020-12-03 11:25:44.364 - Info	Processing Component: Workflows
2020-12-03 11:25:44.364 - Info	Processing Component: FieldSecurityProfiles
2020-12-03 11:25:44.364 - Info	Processing Component: Templates
2020-12-03 11:25:44.364 - Info	Processing Component: EntityMaps
2020-12-03 11:25:44.364 - Info	Processing Component: EntityRelationships
2020-12-03 11:25:44.364 - Info	Processing Component: OrganizationSettings
2020-12-03 11:25:44.364 - Info	Processing Component: optionsets
2020-12-03 11:25:44.364 - Info	Processing Component: CustomControls
2020-12-03 11:25:44.380 - Info	 - GenericLookupPCFNamespace.GenericLookupPCFComponent
2020-12-03 11:25:44.739 - Info	Processing Component: SolutionPluginAssemblies
2020-12-03 11:25:44.739 - Info	Processing Component: EntityDataProviders
2020-12-03 11:25:44.895 - Info	
Managed Pack complete.

2020-12-03 11:37:08.806 - Info	
Packing C:\Shiva\GenericLookupPCF\GenericLookupPCFSolution\obj\Release\Metadata to bin\Release\GenericLookupPCFSolution.zip

2020-12-03 11:37:08.821 - Info	Processing Component: Entities
2020-12-03 11:37:08.837 - Info	Processing Component: Roles
2020-12-03 11:37:08.837 - Info	Processing Component: Workflows
2020-12-03 11:37:08.837 - Info	Processing Component: FieldSecurityProfiles
2020-12-03 11:37:08.837 - Info	Processing Component: Templates
2020-12-03 11:37:08.837 - Info	Processing Component: EntityMaps
2020-12-03 11:37:08.837 - Info	Processing Component: EntityRelationships
2020-12-03 11:37:08.837 - Info	Processing Component: OrganizationSettings
2020-12-03 11:37:08.837 - Info	Processing Component: optionsets
2020-12-03 11:37:08.837 - Info	Processing Component: CustomControls
2020-12-03 11:37:08.868 - Info	 - GenericLookupPCFNamespace.GenericLookupPCFComponent
2020-12-03 11:37:09.290 - Info	Processing Component: SolutionPluginAssemblies
2020-12-03 11:37:09.290 - Info	Processing Component: EntityDataProviders
2020-12-03 11:37:09.446 - Info	
Managed Pack complete.

2020-12-03 11:53:26.347 - Info	
Packing C:\Shiva\GenericLookupPCF\GenericLookupPCFSolution\obj\Release\Metadata to bin\Release\GenericLookupPCFSolution.zip

2020-12-03 11:53:26.363 - Info	Processing Component: Entities
2020-12-03 11:53:26.363 - Info	Processing Component: Roles
2020-12-03 11:53:26.363 - Info	Processing Component: Workflows
2020-12-03 11:53:26.363 - Info	Processing Component: FieldSecurityProfiles
2020-12-03 11:53:26.379 - Info	Processing Component: Templates
2020-12-03 11:53:26.379 - Info	Processing Component: EntityMaps
2020-12-03 11:53:26.379 - Info	Processing Component: EntityRelationships
2020-12-03 11:53:26.379 - Info	Processing Component: OrganizationSettings
2020-12-03 11:53:26.379 - Info	Processing Component: optionsets
2020-12-03 11:53:26.379 - Info	Processing Component: CustomControls
2020-12-03 11:53:26.394 - Info	 - GenericLookupPCFNamespace.GenericLookupPCFComponent
2020-12-03 11:53:26.754 - Info	Processing Component: SolutionPluginAssemblies
2020-12-03 11:53:26.754 - Info	Processing Component: EntityDataProviders
2020-12-03 11:53:26.894 - Info	
Managed Pack complete.

2020-12-03 12:16:32.107 - Info	
Packing C:\Shiva\GenericLookupPCF\GenericLookupPCFSolution\obj\Release\Metadata to bin\Release\GenericLookupPCFSolution.zip

2020-12-03 12:16:32.138 - Info	Processing Component: Entities
2020-12-03 12:16:32.138 - Info	Processing Component: Roles
2020-12-03 12:16:32.138 - Info	Processing Component: Workflows
2020-12-03 12:16:32.138 - Info	Processing Component: FieldSecurityProfiles
2020-12-03 12:16:32.138 - Info	Processing Component: Templates
2020-12-03 12:16:32.138 - Info	Processing Component: EntityMaps
2020-12-03 12:16:32.138 - Info	Processing Component: EntityRelationships
2020-12-03 12:16:32.154 - Info	Processing Component: OrganizationSettings
2020-12-03 12:16:32.154 - Info	Processing Component: optionsets
2020-12-03 12:16:32.154 - Info	Processing Component: CustomControls
2020-12-03 12:16:32.169 - Info	 - GenericLookupPCFNamespace.GenericLookupPCFComponent
2020-12-03 12:16:32.560 - Info	Processing Component: SolutionPluginAssemblies
2020-12-03 12:16:32.560 - Info	Processing Component: EntityDataProviders
2020-12-03 12:16:32.669 - Info	
Managed Pack complete.

2020-12-03 12:25:58.087 - Info	
Packing C:\Shiva\GenericLookupPCF\GenericLookupPCFSolution\obj\Release\Metadata to bin\Release\GenericLookupPCFSolution.zip

2020-12-03 12:25:58.102 - Info	Processing Component: Entities
2020-12-03 12:25:58.102 - Info	Processing Component: Roles
2020-12-03 12:25:58.102 - Info	Processing Component: Workflows
2020-12-03 12:25:58.102 - Info	Processing Component: FieldSecurityProfiles
2020-12-03 12:25:58.102 - Info	Processing Component: Templates
2020-12-03 12:25:58.102 - Info	Processing Component: EntityMaps
2020-12-03 12:25:58.102 - Info	Processing Component: EntityRelationships
2020-12-03 12:25:58.118 - Info	Processing Component: OrganizationSettings
2020-12-03 12:25:58.118 - Info	Processing Component: optionsets
2020-12-03 12:25:58.118 - Info	Processing Component: CustomControls
2020-12-03 12:25:58.149 - Info	 - GenericLookupPCFNamespace.GenericLookupPCFComponent
2020-12-03 12:25:58.587 - Info	Processing Component: SolutionPluginAssemblies
2020-12-03 12:25:58.587 - Info	Processing Component: EntityDataProviders
2020-12-03 12:25:58.727 - Info	
Managed Pack complete.

2020-12-03 12:37:44.514 - Info	
Packing C:\Shiva\GenericLookupPCF\GenericLookupPCFSolution\obj\Release\Metadata to bin\Release\GenericLookupPCFSolution.zip

2020-12-03 12:37:44.530 - Info	Processing Component: Entities
2020-12-03 12:37:44.545 - Info	Processing Component: Roles
2020-12-03 12:37:44.545 - Info	Processing Component: Workflows
2020-12-03 12:37:44.545 - Info	Processing Component: FieldSecurityProfiles
2020-12-03 12:37:44.545 - Info	Processing Component: Templates
2020-12-03 12:37:44.545 - Info	Processing Component: EntityMaps
2020-12-03 12:37:44.545 - Info	Processing Component: EntityRelationships
2020-12-03 12:37:44.561 - Info	Processing Component: OrganizationSettings
2020-12-03 12:37:44.561 - Info	Processing Component: optionsets
2020-12-03 12:37:44.561 - Info	Processing Component: CustomControls
2020-12-03 12:37:44.577 - Info	 - GenericLookupPCFNamespace.GenericLookupPCFComponent
2020-12-03 12:37:44.952 - Info	Processing Component: SolutionPluginAssemblies
2020-12-03 12:37:44.952 - Info	Processing Component: EntityDataProviders
2020-12-03 12:37:45.077 - Info	
Managed Pack complete.

2020-12-03 12:48:32.063 - Info	
Packing C:\Shiva\GenericLookupPCF\GenericLookupPCFSolution\obj\Release\Metadata to bin\Release\GenericLookupPCFSolution.zip

2020-12-03 12:48:32.078 - Info	Processing Component: Entities
2020-12-03 12:48:32.078 - Info	Processing Component: Roles
2020-12-03 12:48:32.078 - Info	Processing Component: Workflows
2020-12-03 12:48:32.078 - Info	Processing Component: FieldSecurityProfiles
2020-12-03 12:48:32.078 - Info	Processing Component: Templates
2020-12-03 12:48:32.078 - Info	Processing Component: EntityMaps
2020-12-03 12:48:32.078 - Info	Processing Component: EntityRelationships
2020-12-03 12:48:32.094 - Info	Processing Component: OrganizationSettings
2020-12-03 12:48:32.094 - Info	Processing Component: optionsets
2020-12-03 12:48:32.094 - Info	Processing Component: CustomControls
2020-12-03 12:48:32.109 - Info	 - GenericLookupPCFNamespace.GenericLookupPCFComponent
2020-12-03 12:48:32.453 - Info	Processing Component: SolutionPluginAssemblies
2020-12-03 12:48:32.453 - Info	Processing Component: EntityDataProviders
2020-12-03 12:48:32.578 - Info	
Managed Pack complete.

2020-12-03 14:39:41.378 - Info	
Packing C:\Shiva\GenericLookupPCF\GenericLookupPCFSolution\obj\Release\Metadata to bin\Release\GenericLookupPCFSolution.zip

2020-12-03 14:39:41.409 - Info	Processing Component: Entities
2020-12-03 14:39:41.409 - Info	Processing Component: Roles
2020-12-03 14:39:41.409 - Info	Processing Component: Workflows
2020-12-03 14:39:41.409 - Info	Processing Component: FieldSecurityProfiles
2020-12-03 14:39:41.409 - Info	Processing Component: Templates
2020-12-03 14:39:41.409 - Info	Processing Component: EntityMaps
2020-12-03 14:39:41.409 - Info	Processing Component: EntityRelationships
2020-12-03 14:39:41.425 - Info	Processing Component: OrganizationSettings
2020-12-03 14:39:41.425 - Info	Processing Component: optionsets
2020-12-03 14:39:41.425 - Info	Processing Component: CustomControls
2020-12-03 14:39:41.440 - Info	 - GenericLookupPCFNamespace.GenericLookupPCFComponent
2020-12-03 14:39:41.753 - Info	Processing Component: SolutionPluginAssemblies
2020-12-03 14:39:41.753 - Info	Processing Component: EntityDataProviders
2020-12-03 14:39:41.847 - Info	
Managed Pack complete.

2020-12-03 15:26:32.938 - Info	
Packing C:\Shiva\GenericLookupPCF\GenericLookupPCFSolution\obj\Release\Metadata to bin\Release\GenericLookupPCFSolution.zip

2020-12-03 15:26:32.969 - Info	Processing Component: Entities
2020-12-03 15:26:32.969 - Info	Processing Component: Roles
2020-12-03 15:26:32.969 - Info	Processing Component: Workflows
2020-12-03 15:26:32.969 - Info	Processing Component: FieldSecurityProfiles
2020-12-03 15:26:32.969 - Info	Processing Component: Templates
2020-12-03 15:26:32.969 - Info	Processing Component: EntityMaps
2020-12-03 15:26:32.969 - Info	Processing Component: EntityRelationships
2020-12-03 15:26:32.985 - Info	Processing Component: OrganizationSettings
2020-12-03 15:26:32.985 - Info	Processing Component: optionsets
2020-12-03 15:26:32.985 - Info	Processing Component: CustomControls
2020-12-03 15:26:33.016 - Info	 - GenericLookupPCFNamespace.GenericLookupPCFComponent
2020-12-03 15:26:33.344 - Info	Processing Component: SolutionPluginAssemblies
2020-12-03 15:26:33.344 - Info	Processing Component: EntityDataProviders
2020-12-03 15:26:33.454 - Info	
Managed Pack complete.

2020-12-03 16:20:14.521 - Info	
Packing C:\Shiva\GenericLookupPCF\GenericLookupPCFSolution\obj\Release\Metadata to bin\Release\GenericLookupPCFSolution.zip

2020-12-03 16:20:14.537 - Info	Processing Component: Entities
2020-12-03 16:20:14.537 - Info	Processing Component: Roles
2020-12-03 16:20:14.537 - Info	Processing Component: Workflows
2020-12-03 16:20:14.537 - Info	Processing Component: FieldSecurityProfiles
2020-12-03 16:20:14.537 - Info	Processing Component: Templates
2020-12-03 16:20:14.537 - Info	Processing Component: EntityMaps
2020-12-03 16:20:14.537 - Info	Processing Component: EntityRelationships
2020-12-03 16:20:14.553 - Info	Processing Component: OrganizationSettings
2020-12-03 16:20:14.553 - Info	Processing Component: optionsets
2020-12-03 16:20:14.553 - Info	Processing Component: CustomControls
2020-12-03 16:20:14.568 - Info	 - GenericLookupPCFNamespace.GenericLookupPCFComponent
2020-12-03 16:20:14.896 - Info	Processing Component: SolutionPluginAssemblies
2020-12-03 16:20:14.896 - Info	Processing Component: EntityDataProviders
2020-12-03 16:20:14.990 - Info	
Managed Pack complete.

2020-12-03 16:28:57.872 - Info	
Packing C:\Shiva\GenericLookupPCF\GenericLookupPCFSolution\obj\Release\Metadata to bin\Release\GenericLookupPCFSolution.zip

2020-12-03 16:28:57.887 - Info	Processing Component: Entities
2020-12-03 16:28:57.887 - Info	Processing Component: Roles
2020-12-03 16:28:57.903 - Info	Processing Component: Workflows
2020-12-03 16:28:57.903 - Info	Processing Component: FieldSecurityProfiles
2020-12-03 16:28:57.903 - Info	Processing Component: Templates
2020-12-03 16:28:57.903 - Info	Processing Component: EntityMaps
2020-12-03 16:28:57.903 - Info	Processing Component: EntityRelationships
2020-12-03 16:28:57.903 - Info	Processing Component: OrganizationSettings
2020-12-03 16:28:57.903 - Info	Processing Component: optionsets
2020-12-03 16:28:57.903 - Info	Processing Component: CustomControls
2020-12-03 16:28:57.919 - Info	 - GenericLookupPCFNamespace.GenericLookupPCFComponent
2020-12-03 16:28:58.247 - Info	Processing Component: SolutionPluginAssemblies
2020-12-03 16:28:58.247 - Info	Processing Component: EntityDataProviders
2020-12-03 16:28:58.356 - Info	
Managed Pack complete.

2020-12-03 16:51:49.093 - Info	
Packing C:\Shiva\GenericLookupPCF\GenericLookupPCFSolution\obj\Release\Metadata to bin\Release\GenericLookupPCFSolution.zip

2020-12-03 16:51:49.109 - Info	Processing Component: Entities
2020-12-03 16:51:49.109 - Info	Processing Component: Roles
2020-12-03 16:51:49.109 - Info	Processing Component: Workflows
2020-12-03 16:51:49.109 - Info	Processing Component: FieldSecurityProfiles
2020-12-03 16:51:49.109 - Info	Processing Component: Templates
2020-12-03 16:51:49.109 - Info	Processing Component: EntityMaps
2020-12-03 16:51:49.109 - Info	Processing Component: EntityRelationships
2020-12-03 16:51:49.109 - Info	Processing Component: OrganizationSettings
2020-12-03 16:51:49.109 - Info	Processing Component: optionsets
2020-12-03 16:51:49.109 - Info	Processing Component: CustomControls
2020-12-03 16:51:49.124 - Info	 - GenericLookupPCFNamespace.GenericLookupPCFComponent
2020-12-03 16:51:49.453 - Info	Processing Component: SolutionPluginAssemblies
2020-12-03 16:51:49.453 - Info	Processing Component: EntityDataProviders
2020-12-03 16:51:49.546 - Info	
Managed Pack complete.

2020-12-03 17:01:34.398 - Info	
Packing C:\Shiva\GenericLookupPCF\GenericLookupPCFSolution\obj\Release\Metadata to bin\Release\GenericLookupPCFSolution.zip

2020-12-03 17:01:34.414 - Info	Processing Component: Entities
2020-12-03 17:01:34.414 - Info	Processing Component: Roles
2020-12-03 17:01:34.414 - Info	Processing Component: Workflows
2020-12-03 17:01:34.414 - Info	Processing Component: FieldSecurityProfiles
2020-12-03 17:01:34.429 - Info	Processing Component: Templates
2020-12-03 17:01:34.429 - Info	Processing Component: EntityMaps
2020-12-03 17:01:34.429 - Info	Processing Component: EntityRelationships
2020-12-03 17:01:34.429 - Info	Processing Component: OrganizationSettings
2020-12-03 17:01:34.429 - Info	Processing Component: optionsets
2020-12-03 17:01:34.429 - Info	Processing Component: CustomControls
2020-12-03 17:01:34.445 - Info	 - GenericLookupPCFNamespace.GenericLookupPCFComponent
2020-12-03 17:01:34.773 - Info	Processing Component: SolutionPluginAssemblies
2020-12-03 17:01:34.773 - Info	Processing Component: EntityDataProviders
2020-12-03 17:01:34.882 - Info	
Managed Pack complete.

2020-12-03 17:10:16.921 - Info	
Packing C:\Shiva\GenericLookupPCF\GenericLookupPCFSolution\obj\Release\Metadata to bin\Release\GenericLookupPCFSolution.zip

2020-12-03 17:10:16.937 - Info	Processing Component: Entities
2020-12-03 17:10:16.937 - Info	Processing Component: Roles
2020-12-03 17:10:16.937 - Info	Processing Component: Workflows
2020-12-03 17:10:16.937 - Info	Processing Component: FieldSecurityProfiles
2020-12-03 17:10:16.937 - Info	Processing Component: Templates
2020-12-03 17:10:16.952 - Info	Processing Component: EntityMaps
2020-12-03 17:10:16.952 - Info	Processing Component: EntityRelationships
2020-12-03 17:10:16.952 - Info	Processing Component: OrganizationSettings
2020-12-03 17:10:16.952 - Info	Processing Component: optionsets
2020-12-03 17:10:16.952 - Info	Processing Component: CustomControls
2020-12-03 17:10:16.983 - Info	 - GenericLookupPCFNamespace.GenericLookupPCFComponent
2020-12-03 17:10:17.312 - Info	Processing Component: SolutionPluginAssemblies
2020-12-03 17:10:17.312 - Info	Processing Component: EntityDataProviders
2020-12-03 17:10:17.421 - Info	
Managed Pack complete.

2020-12-03 17:29:39.437 - Info	
Packing C:\Shiva\GenericLookupPCF\GenericLookupPCFSolution\obj\Release\Metadata to bin\Release\GenericLookupPCFSolution.zip

2020-12-03 17:29:39.453 - Info	Processing Component: Entities
2020-12-03 17:29:39.453 - Info	Processing Component: Roles
2020-12-03 17:29:39.453 - Info	Processing Component: Workflows
2020-12-03 17:29:39.453 - Info	Processing Component: FieldSecurityProfiles
2020-12-03 17:29:39.453 - Info	Processing Component: Templates
2020-12-03 17:29:39.453 - Info	Processing Component: EntityMaps
2020-12-03 17:29:39.453 - Info	Processing Component: EntityRelationships
2020-12-03 17:29:39.468 - Info	Processing Component: OrganizationSettings
2020-12-03 17:29:39.468 - Info	Processing Component: optionsets
2020-12-03 17:29:39.468 - Info	Processing Component: CustomControls
2020-12-03 17:29:39.484 - Info	 - GenericLookupPCFNamespace.GenericLookupPCFComponent
2020-12-03 17:29:39.797 - Info	Processing Component: SolutionPluginAssemblies
2020-12-03 17:29:39.797 - Info	Processing Component: EntityDataProviders
2020-12-03 17:29:39.906 - Info	
Managed Pack complete.

2020-12-03 18:56:01.558 - Info	
Packing C:\Shiva\GenericLookupPCF\GenericLookupPCFSolution\obj\Release\Metadata to bin\Release\GenericLookupPCFSolution.zip

2020-12-03 18:56:01.574 - Info	Processing Component: Entities
2020-12-03 18:56:01.574 - Info	Processing Component: Roles
2020-12-03 18:56:01.574 - Info	Processing Component: Workflows
2020-12-03 18:56:01.574 - Info	Processing Component: FieldSecurityProfiles
2020-12-03 18:56:01.574 - Info	Processing Component: Templates
2020-12-03 18:56:01.574 - Info	Processing Component: EntityMaps
2020-12-03 18:56:01.574 - Info	Processing Component: EntityRelationships
2020-12-03 18:56:01.574 - Info	Processing Component: OrganizationSettings
2020-12-03 18:56:01.574 - Info	Processing Component: optionsets
2020-12-03 18:56:01.574 - Info	Processing Component: CustomControls
2020-12-03 18:56:01.590 - Info	 - GenericLookupPCFNamespace.GenericLookupPCFComponent
2020-12-03 18:56:01.918 - Info	Processing Component: SolutionPluginAssemblies
2020-12-03 18:56:01.918 - Info	Processing Component: EntityDataProviders
2020-12-03 18:56:02.012 - Info	
Managed Pack complete.

2020-12-03 19:22:52.003 - Info	
Packing C:\Shiva\GenericLookupPCF\GenericLookupPCFSolution\obj\Release\Metadata to bin\Release\GenericLookupPCFSolution.zip

2020-12-03 19:22:52.018 - Info	Processing Component: Entities
2020-12-03 19:22:52.018 - Info	Processing Component: Roles
2020-12-03 19:22:52.018 - Info	Processing Component: Workflows
2020-12-03 19:22:52.018 - Info	Processing Component: FieldSecurityProfiles
2020-12-03 19:22:52.034 - Info	Processing Component: Templates
2020-12-03 19:22:52.034 - Info	Processing Component: EntityMaps
2020-12-03 19:22:52.034 - Info	Processing Component: EntityRelationships
2020-12-03 19:22:52.034 - Info	Processing Component: OrganizationSettings
2020-12-03 19:22:52.034 - Info	Processing Component: optionsets
2020-12-03 19:22:52.034 - Info	Processing Component: CustomControls
2020-12-03 19:22:52.050 - Info	 - GenericLookupPCFNamespace.GenericLookupPCFComponent
2020-12-03 19:22:52.378 - Info	Processing Component: SolutionPluginAssemblies
2020-12-03 19:22:52.378 - Info	Processing Component: EntityDataProviders
2020-12-03 19:22:52.487 - Info	
Managed Pack complete.

2020-12-03 19:43:20.191 - Info	
Packing C:\Shiva\GenericLookupPCF\GenericLookupPCFSolution\obj\Release\Metadata to bin\Release\GenericLookupPCFSolution.zip

2020-12-03 19:43:20.207 - Info	Processing Component: Entities
2020-12-03 19:43:20.207 - Info	Processing Component: Roles
2020-12-03 19:43:20.207 - Info	Processing Component: Workflows
2020-12-03 19:43:20.207 - Info	Processing Component: FieldSecurityProfiles
2020-12-03 19:43:20.207 - Info	Processing Component: Templates
2020-12-03 19:43:20.207 - Info	Processing Component: EntityMaps
2020-12-03 19:43:20.207 - Info	Processing Component: EntityRelationships
2020-12-03 19:43:20.223 - Info	Processing Component: OrganizationSettings
2020-12-03 19:43:20.223 - Info	Processing Component: optionsets
2020-12-03 19:43:20.223 - Info	Processing Component: CustomControls
2020-12-03 19:43:20.238 - Info	 - GenericLookupPCFNamespace.GenericLookupPCFComponent
2020-12-03 19:43:20.551 - Info	Processing Component: SolutionPluginAssemblies
2020-12-03 19:43:20.551 - Info	Processing Component: EntityDataProviders
2020-12-03 19:43:20.660 - Info	
Managed Pack complete.

2020-12-04 10:05:30.828 - Info	
Packing C:\Shiva\GenericLookupPCF\GenericLookupPCFSolution\obj\Release\Metadata to bin\Release\GenericLookupPCFSolution.zip

2020-12-04 10:05:30.859 - Info	Processing Component: Entities
2020-12-04 10:05:30.859 - Info	Processing Component: Roles
2020-12-04 10:05:30.859 - Info	Processing Component: Workflows
2020-12-04 10:05:30.859 - Info	Processing Component: FieldSecurityProfiles
2020-12-04 10:05:30.859 - Info	Processing Component: Templates
2020-12-04 10:05:30.859 - Info	Processing Component: EntityMaps
2020-12-04 10:05:30.859 - Info	Processing Component: EntityRelationships
2020-12-04 10:05:30.875 - Info	Processing Component: OrganizationSettings
2020-12-04 10:05:30.875 - Info	Processing Component: optionsets
2020-12-04 10:05:30.875 - Info	Processing Component: CustomControls
2020-12-04 10:05:30.906 - Info	 - GenericLookupPCFNamespace.GenericLookupPCFComponent
2020-12-04 10:05:31.297 - Info	Processing Component: SolutionPluginAssemblies
2020-12-04 10:05:31.297 - Info	Processing Component: EntityDataProviders
2020-12-04 10:05:31.422 - Info	
Managed Pack complete.

2020-12-04 10:11:17.550 - Info	
Packing C:\Shiva\GenericLookupPCF\GenericLookupPCFSolution\obj\Release\Metadata to bin\Release\GenericLookupPCFSolution.zip

2020-12-04 10:11:17.566 - Info	Processing Component: Entities
2020-12-04 10:11:17.566 - Info	Processing Component: Roles
2020-12-04 10:11:17.566 - Info	Processing Component: Workflows
2020-12-04 10:11:17.566 - Info	Processing Component: FieldSecurityProfiles
2020-12-04 10:11:17.566 - Info	Processing Component: Templates
2020-12-04 10:11:17.566 - Info	Processing Component: EntityMaps
2020-12-04 10:11:17.566 - Info	Processing Component: EntityRelationships
2020-12-04 10:11:17.581 - Info	Processing Component: OrganizationSettings
2020-12-04 10:11:17.581 - Info	Processing Component: optionsets
2020-12-04 10:11:17.581 - Info	Processing Component: CustomControls
2020-12-04 10:11:17.597 - Info	 - GenericLookupPCFNamespace.GenericLookupPCFComponent
2020-12-04 10:11:17.988 - Info	Processing Component: SolutionPluginAssemblies
2020-12-04 10:11:17.988 - Info	Processing Component: EntityDataProviders
2020-12-04 10:11:18.113 - Info	
Managed Pack complete.

2020-12-04 11:38:43.326 - Info	
Packing C:\Shiva\GenericLookupPCF\GenericLookupPCFSolution\obj\Release\Metadata to bin\Release\GenericLookupPCFSolution.zip

2020-12-04 11:38:43.342 - Info	Processing Component: Entities
2020-12-04 11:38:43.342 - Info	Processing Component: Roles
2020-12-04 11:38:43.357 - Info	Processing Component: Workflows
2020-12-04 11:38:43.357 - Info	Processing Component: FieldSecurityProfiles
2020-12-04 11:38:43.357 - Info	Processing Component: Templates
2020-12-04 11:38:43.357 - Info	Processing Component: EntityMaps
2020-12-04 11:38:43.357 - Info	Processing Component: EntityRelationships
2020-12-04 11:38:43.357 - Info	Processing Component: OrganizationSettings
2020-12-04 11:38:43.357 - Info	Processing Component: optionsets
2020-12-04 11:38:43.357 - Info	Processing Component: CustomControls
2020-12-04 11:38:43.389 - Info	 - GenericLookupPCFNamespace.GenericLookupPCFComponent
2020-12-04 11:38:43.795 - Info	Processing Component: SolutionPluginAssemblies
2020-12-04 11:38:43.795 - Info	Processing Component: EntityDataProviders
2020-12-04 11:38:43.920 - Info	
Managed Pack complete.

2020-12-04 14:55:40.041 - Info	
Packing C:\Shiva\GenericLookupPCF\GenericLookupPCFSolution\obj\Release\Metadata to bin\Release\GenericLookupPCFSolution.zip

2020-12-04 14:55:40.072 - Info	Processing Component: Entities
2020-12-04 14:55:40.072 - Info	Processing Component: Roles
2020-12-04 14:55:40.072 - Info	Processing Component: Workflows
2020-12-04 14:55:40.087 - Info	Processing Component: FieldSecurityProfiles
2020-12-04 14:55:40.087 - Info	Processing Component: Templates
2020-12-04 14:55:40.087 - Info	Processing Component: EntityMaps
2020-12-04 14:55:40.087 - Info	Processing Component: EntityRelationships
2020-12-04 14:55:40.103 - Info	Processing Component: OrganizationSettings
2020-12-04 14:55:40.103 - Info	Processing Component: optionsets
2020-12-04 14:55:40.103 - Info	Processing Component: CustomControls
2020-12-04 14:55:40.134 - Info	 - GenericLookupPCFNamespace.GenericLookupPCFComponent
2020-12-04 14:55:40.494 - Info	Processing Component: SolutionPluginAssemblies
2020-12-04 14:55:40.494 - Info	Processing Component: EntityDataProviders
2020-12-04 14:55:40.603 - Info	
Managed Pack complete.

2020-12-04 15:42:34.812 - Info	
Packing C:\Shiva\GenericLookupPCF\GenericLookupPCFSolution\obj\Release\Metadata to bin\Release\GenericLookupPCFSolution.zip

2020-12-04 15:42:34.828 - Info	Processing Component: Entities
2020-12-04 15:42:34.828 - Info	Processing Component: Roles
2020-12-04 15:42:34.828 - Info	Processing Component: Workflows
2020-12-04 15:42:34.843 - Info	Processing Component: FieldSecurityProfiles
2020-12-04 15:42:34.843 - Info	Processing Component: Templates
2020-12-04 15:42:34.843 - Info	Processing Component: EntityMaps
2020-12-04 15:42:34.843 - Info	Processing Component: EntityRelationships
2020-12-04 15:42:34.843 - Info	Processing Component: OrganizationSettings
2020-12-04 15:42:34.843 - Info	Processing Component: optionsets
2020-12-04 15:42:34.843 - Info	Processing Component: CustomControls
2020-12-04 15:42:34.859 - Info	 - GenericLookupPCFNamespace.GenericLookupPCFComponent
2020-12-04 15:42:35.249 - Info	Processing Component: SolutionPluginAssemblies
2020-12-04 15:42:35.249 - Info	Processing Component: EntityDataProviders
2020-12-04 15:42:35.374 - Info	
Managed Pack complete.

2020-12-04 18:11:27.006 - Info	
Packing C:\Shiva\GenericLookupPCF\GenericLookupPCFSolution\obj\Release\Metadata to bin\Release\GenericLookupPCFSolution.zip

2020-12-04 18:11:27.022 - Info	Processing Component: Entities
2020-12-04 18:11:27.037 - Info	Processing Component: Roles
2020-12-04 18:11:27.037 - Info	Processing Component: Workflows
2020-12-04 18:11:27.037 - Info	Processing Component: FieldSecurityProfiles
2020-12-04 18:11:27.037 - Info	Processing Component: Templates
2020-12-04 18:11:27.037 - Info	Processing Component: EntityMaps
2020-12-04 18:11:27.037 - Info	Processing Component: EntityRelationships
2020-12-04 18:11:27.037 - Info	Processing Component: OrganizationSettings
2020-12-04 18:11:27.037 - Info	Processing Component: optionsets
2020-12-04 18:11:27.037 - Info	Processing Component: CustomControls
2020-12-04 18:11:27.069 - Info	 - GenericLookupPCFNamespace.GenericLookupPCFComponent
2020-12-04 18:11:27.397 - Info	Processing Component: SolutionPluginAssemblies
2020-12-04 18:11:27.397 - Info	Processing Component: EntityDataProviders
2020-12-04 18:11:27.506 - Info	
Managed Pack complete.

2020-12-06 14:02:33.430 - Info	
Packing C:\Shiva\GenericLookupPCF\GenericLookupPCFSolution\obj\Release\Metadata to bin\Release\GenericLookupPCFSolution.zip

2020-12-06 14:02:33.461 - Info	Processing Component: Entities
2020-12-06 14:02:33.461 - Info	Processing Component: Roles
2020-12-06 14:02:33.461 - Info	Processing Component: Workflows
2020-12-06 14:02:33.461 - Info	Processing Component: FieldSecurityProfiles
2020-12-06 14:02:33.477 - Info	Processing Component: Templates
2020-12-06 14:02:33.477 - Info	Processing Component: EntityMaps
2020-12-06 14:02:33.477 - Info	Processing Component: EntityRelationships
2020-12-06 14:02:33.492 - Info	Processing Component: OrganizationSettings
2020-12-06 14:02:33.492 - Info	Processing Component: optionsets
2020-12-06 14:02:33.492 - Info	Processing Component: CustomControls
2020-12-06 14:02:33.508 - Info	 - GenericLookupPCFNamespace.GenericLookupPCFComponent
2020-12-06 14:02:33.836 - Info	Processing Component: SolutionPluginAssemblies
2020-12-06 14:02:33.836 - Info	Processing Component: EntityDataProviders
2020-12-06 14:02:33.945 - Info	
Managed Pack complete.

2020-12-06 14:22:17.885 - Info	
Packing C:\Shiva\GenericLookupPCF\GenericLookupPCFSolution\obj\Release\Metadata to bin\Release\GenericLookupPCFSolution.zip

2020-12-06 14:22:17.900 - Info	Processing Component: Entities
2020-12-06 14:22:17.900 - Info	Processing Component: Roles
2020-12-06 14:22:17.900 - Info	Processing Component: Workflows
2020-12-06 14:22:17.900 - Info	Processing Component: FieldSecurityProfiles
2020-12-06 14:22:17.900 - Info	Processing Component: Templates
2020-12-06 14:22:17.900 - Info	Processing Component: EntityMaps
2020-12-06 14:22:17.900 - Info	Processing Component: EntityRelationships
2020-12-06 14:22:17.916 - Info	Processing Component: OrganizationSettings
2020-12-06 14:22:17.916 - Info	Processing Component: optionsets
2020-12-06 14:22:17.916 - Info	Processing Component: CustomControls
2020-12-06 14:22:17.932 - Info	 - GenericLookupPCFNamespace.GenericLookupPCFComponent
2020-12-06 14:22:18.291 - Info	Processing Component: SolutionPluginAssemblies
2020-12-06 14:22:18.291 - Info	Processing Component: EntityDataProviders
2020-12-06 14:22:18.416 - Info	
Managed Pack complete.

2020-12-06 14:30:47.312 - Info	
Packing C:\Shiva\GenericLookupPCF\GenericLookupPCFSolution\obj\Release\Metadata to bin\Release\GenericLookupPCFSolution.zip

2020-12-06 14:30:47.328 - Info	Processing Component: Entities
2020-12-06 14:30:47.328 - Info	Processing Component: Roles
2020-12-06 14:30:47.328 - Info	Processing Component: Workflows
2020-12-06 14:30:47.328 - Info	Processing Component: FieldSecurityProfiles
2020-12-06 14:30:47.328 - Info	Processing Component: Templates
2020-12-06 14:30:47.328 - Info	Processing Component: EntityMaps
2020-12-06 14:30:47.328 - Info	Processing Component: EntityRelationships
2020-12-06 14:30:47.343 - Info	Processing Component: OrganizationSettings
2020-12-06 14:30:47.343 - Info	Processing Component: optionsets
2020-12-06 14:30:47.343 - Info	Processing Component: CustomControls
2020-12-06 14:30:47.359 - Info	 - GenericLookupPCFNamespace.GenericLookupPCFComponent
2020-12-06 14:30:47.687 - Info	Processing Component: SolutionPluginAssemblies
2020-12-06 14:30:47.687 - Info	Processing Component: EntityDataProviders
2020-12-06 14:30:47.797 - Info	
Managed Pack complete.

2020-12-06 15:49:16.442 - Info	
Packing C:\Shiva\GenericLookupPCF\GenericLookupPCFSolution\obj\Release\Metadata to bin\Release\GenericLookupPCFSolution.zip

2020-12-06 15:49:16.457 - Info	Processing Component: Entities
2020-12-06 15:49:16.457 - Info	Processing Component: Roles
2020-12-06 15:49:16.457 - Info	Processing Component: Workflows
2020-12-06 15:49:16.457 - Info	Processing Component: FieldSecurityProfiles
2020-12-06 15:49:16.457 - Info	Processing Component: Templates
2020-12-06 15:49:16.457 - Info	Processing Component: EntityMaps
2020-12-06 15:49:16.457 - Info	Processing Component: EntityRelationships
2020-12-06 15:49:16.473 - Info	Processing Component: OrganizationSettings
2020-12-06 15:49:16.473 - Info	Processing Component: optionsets
2020-12-06 15:49:16.473 - Info	Processing Component: CustomControls
2020-12-06 15:49:16.504 - Info	 - GenericLookupPCFNamespace.GenericLookupPCFComponent
2020-12-06 15:49:16.817 - Info	Processing Component: SolutionPluginAssemblies
2020-12-06 15:49:16.832 - Info	Processing Component: EntityDataProviders
2020-12-06 15:49:16.926 - Info	
Managed Pack complete.

2020-12-06 16:52:06.801 - Info	
Packing C:\Shiva\GenericLookupPCF\GenericLookupPCFSolution\obj\Release\Metadata to bin\Release\GenericLookupPCFSolution.zip

2020-12-06 16:52:06.817 - Info	Processing Component: Entities
2020-12-06 16:52:06.817 - Info	Processing Component: Roles
2020-12-06 16:52:06.833 - Info	Processing Component: Workflows
2020-12-06 16:52:06.833 - Info	Processing Component: FieldSecurityProfiles
2020-12-06 16:52:06.833 - Info	Processing Component: Templates
2020-12-06 16:52:06.833 - Info	Processing Component: EntityMaps
2020-12-06 16:52:06.833 - Info	Processing Component: EntityRelationships
2020-12-06 16:52:06.848 - Info	Processing Component: OrganizationSettings
2020-12-06 16:52:06.848 - Info	Processing Component: optionsets
2020-12-06 16:52:06.848 - Info	Processing Component: CustomControls
2020-12-06 16:52:06.864 - Info	 - GenericLookupPCFNamespace.GenericLookupPCFComponent
2020-12-06 16:52:07.192 - Info	Processing Component: SolutionPluginAssemblies
2020-12-06 16:52:07.192 - Info	Processing Component: EntityDataProviders
2020-12-06 16:52:07.301 - Info	
Managed Pack complete.

2020-12-06 17:00:28.271 - Info	
Packing C:\Shiva\GenericLookupPCF\GenericLookupPCFSolution\obj\Release\Metadata to bin\Release\GenericLookupPCFSolution.zip

2020-12-06 17:00:28.287 - Info	Processing Component: Entities
2020-12-06 17:00:28.287 - Info	Processing Component: Roles
2020-12-06 17:00:28.287 - Info	Processing Component: Workflows
2020-12-06 17:00:28.287 - Info	Processing Component: FieldSecurityProfiles
2020-12-06 17:00:28.287 - Info	Processing Component: Templates
2020-12-06 17:00:28.287 - Info	Processing Component: EntityMaps
2020-12-06 17:00:28.287 - Info	Processing Component: EntityRelationships
2020-12-06 17:00:28.303 - Info	Processing Component: OrganizationSettings
2020-12-06 17:00:28.303 - Info	Processing Component: optionsets
2020-12-06 17:00:28.303 - Info	Processing Component: CustomControls
2020-12-06 17:00:28.318 - Info	 - GenericLookupPCFNamespace.GenericLookupPCFComponent
2020-12-06 17:00:28.631 - Info	Processing Component: SolutionPluginAssemblies
2020-12-06 17:00:28.631 - Info	Processing Component: EntityDataProviders
2020-12-06 17:00:28.724 - Info	
Managed Pack complete.

2020-12-06 17:11:27.679 - Info	
Packing C:\Shiva\GenericLookupPCF\GenericLookupPCFSolution\obj\Release\Metadata to bin\Release\GenericLookupPCFSolution.zip

2020-12-06 17:11:27.695 - Info	Processing Component: Entities
2020-12-06 17:11:27.695 - Info	Processing Component: Roles
2020-12-06 17:11:27.710 - Info	Processing Component: Workflows
2020-12-06 17:11:27.710 - Info	Processing Component: FieldSecurityProfiles
2020-12-06 17:11:27.710 - Info	Processing Component: Templates
2020-12-06 17:11:27.710 - Info	Processing Component: EntityMaps
2020-12-06 17:11:27.710 - Info	Processing Component: EntityRelationships
2020-12-06 17:11:27.726 - Info	Processing Component: OrganizationSettings
2020-12-06 17:11:27.726 - Info	Processing Component: optionsets
2020-12-06 17:11:27.726 - Info	Processing Component: CustomControls
2020-12-06 17:11:27.742 - Info	 - GenericLookupPCFNamespace.GenericLookupPCFComponent
2020-12-06 17:11:28.070 - Info	Processing Component: SolutionPluginAssemblies
2020-12-06 17:11:28.070 - Info	Processing Component: EntityDataProviders
2020-12-06 17:11:28.179 - Info	
Managed Pack complete.

2020-12-06 17:28:12.589 - Info	
Packing C:\Shiva\GenericLookupPCF\GenericLookupPCFSolution\obj\Release\Metadata to bin\Release\GenericLookupPCFSolution.zip

2020-12-06 17:28:12.604 - Info	Processing Component: Entities
2020-12-06 17:28:12.604 - Info	Processing Component: Roles
2020-12-06 17:28:12.604 - Info	Processing Component: Workflows
2020-12-06 17:28:12.604 - Info	Processing Component: FieldSecurityProfiles
2020-12-06 17:28:12.604 - Info	Processing Component: Templates
2020-12-06 17:28:12.604 - Info	Processing Component: EntityMaps
2020-12-06 17:28:12.604 - Info	Processing Component: EntityRelationships
2020-12-06 17:28:12.620 - Info	Processing Component: OrganizationSettings
2020-12-06 17:28:12.620 - Info	Processing Component: optionsets
2020-12-06 17:28:12.620 - Info	Processing Component: CustomControls
2020-12-06 17:28:12.636 - Info	 - GenericLookupPCFNamespace.GenericLookupPCFComponent
2020-12-06 17:28:12.964 - Info	Processing Component: SolutionPluginAssemblies
2020-12-06 17:28:12.980 - Info	Processing Component: EntityDataProviders
2020-12-06 17:28:13.089 - Info	
Managed Pack complete.

2020-12-06 17:57:04.470 - Info	
Packing C:\Shiva\GenericLookupPCF\GenericLookupPCFSolution\obj\Release\Metadata to bin\Release\GenericLookupPCFSolution.zip

2020-12-06 17:57:04.486 - Info	Processing Component: Entities
2020-12-06 17:57:04.486 - Info	Processing Component: Roles
2020-12-06 17:57:04.486 - Info	Processing Component: Workflows
2020-12-06 17:57:04.486 - Info	Processing Component: FieldSecurityProfiles
2020-12-06 17:57:04.486 - Info	Processing Component: Templates
2020-12-06 17:57:04.502 - Info	Processing Component: EntityMaps
2020-12-06 17:57:04.502 - Info	Processing Component: EntityRelationships
2020-12-06 17:57:04.502 - Info	Processing Component: OrganizationSettings
2020-12-06 17:57:04.517 - Info	Processing Component: optionsets
2020-12-06 17:57:04.517 - Info	Processing Component: CustomControls
2020-12-06 17:57:04.533 - Info	 - GenericLookupPCFNamespace.GenericLookupPCFComponent
2020-12-06 17:57:04.861 - Info	Processing Component: SolutionPluginAssemblies
2020-12-06 17:57:04.861 - Info	Processing Component: EntityDataProviders
2020-12-06 17:57:04.986 - Info	
Managed Pack complete.

2020-12-06 19:19:46.274 - Info	
Packing C:\Shiva\GenericLookupPCF\GenericLookupPCFSolution\obj\Release\Metadata to bin\Release\GenericLookupPCFSolution.zip

2020-12-06 19:19:46.290 - Info	Processing Component: Entities
2020-12-06 19:19:46.290 - Info	Processing Component: Roles
2020-12-06 19:19:46.290 - Info	Processing Component: Workflows
2020-12-06 19:19:46.290 - Info	Processing Component: FieldSecurityProfiles
2020-12-06 19:19:46.305 - Info	Processing Component: Templates
2020-12-06 19:19:46.305 - Info	Processing Component: EntityMaps
2020-12-06 19:19:46.305 - Info	Processing Component: EntityRelationships
2020-12-06 19:19:46.305 - Info	Processing Component: OrganizationSettings
2020-12-06 19:19:46.305 - Info	Processing Component: optionsets
2020-12-06 19:19:46.305 - Info	Processing Component: CustomControls
2020-12-06 19:19:46.321 - Info	 - GenericLookupPCFNamespace.GenericLookupPCFComponent
2020-12-06 19:19:46.633 - Info	Processing Component: SolutionPluginAssemblies
2020-12-06 19:19:46.633 - Info	Processing Component: EntityDataProviders
2020-12-06 19:19:46.743 - Info	
Managed Pack complete.

2020-12-06 19:40:31.374 - Info	
Packing C:\Shiva\GenericLookupPCF\GenericLookupPCFSolution\obj\Release\Metadata to bin\Release\GenericLookupPCFSolution.zip

2020-12-06 19:40:31.389 - Info	Processing Component: Entities
2020-12-06 19:40:31.389 - Info	Processing Component: Roles
2020-12-06 19:40:31.389 - Info	Processing Component: Workflows
2020-12-06 19:40:31.389 - Info	Processing Component: FieldSecurityProfiles
2020-12-06 19:40:31.389 - Info	Processing Component: Templates
2020-12-06 19:40:31.389 - Info	Processing Component: EntityMaps
2020-12-06 19:40:31.389 - Info	Processing Component: EntityRelationships
2020-12-06 19:40:31.405 - Info	Processing Component: OrganizationSettings
2020-12-06 19:40:31.405 - Info	Processing Component: optionsets
2020-12-06 19:40:31.405 - Info	Processing Component: CustomControls
2020-12-06 19:40:31.420 - Info	 - GenericLookupPCFNamespace.GenericLookupPCFComponent
2020-12-06 19:40:31.749 - Info	Processing Component: SolutionPluginAssemblies
2020-12-06 19:40:31.749 - Info	Processing Component: EntityDataProviders
2020-12-06 19:40:31.842 - Info	
Managed Pack complete.

2020-12-06 19:44:10.796 - Info	
Packing C:\Shiva\GenericLookupPCF\GenericLookupPCFSolution\obj\Release\Metadata to bin\Release\GenericLookupPCFSolution.zip

2020-12-06 19:44:10.812 - Info	Processing Component: Entities
2020-12-06 19:44:10.812 - Info	Processing Component: Roles
2020-12-06 19:44:10.812 - Info	Processing Component: Workflows
2020-12-06 19:44:10.812 - Info	Processing Component: FieldSecurityProfiles
2020-12-06 19:44:10.812 - Info	Processing Component: Templates
2020-12-06 19:44:10.812 - Info	Processing Component: EntityMaps
2020-12-06 19:44:10.812 - Info	Processing Component: EntityRelationships
2020-12-06 19:44:10.828 - Info	Processing Component: OrganizationSettings
2020-12-06 19:44:10.828 - Info	Processing Component: optionsets
2020-12-06 19:44:10.828 - Info	Processing Component: CustomControls
2020-12-06 19:44:10.859 - Info	 - GenericLookupPCFNamespace.GenericLookupPCFComponent
2020-12-06 19:44:11.218 - Info	Processing Component: SolutionPluginAssemblies
2020-12-06 19:44:11.218 - Info	Processing Component: EntityDataProviders
2020-12-06 19:44:11.359 - Info	
Managed Pack complete.

2020-12-06 20:00:04.161 - Info	
Packing C:\Shiva\GenericLookupPCF\GenericLookupPCFSolution\obj\Release\Metadata to bin\Release\GenericLookupPCFSolution.zip

2020-12-06 20:00:04.176 - Info	Processing Component: Entities
2020-12-06 20:00:04.176 - Info	Processing Component: Roles
2020-12-06 20:00:04.176 - Info	Processing Component: Workflows
2020-12-06 20:00:04.176 - Info	Processing Component: FieldSecurityProfiles
2020-12-06 20:00:04.176 - Info	Processing Component: Templates
2020-12-06 20:00:04.176 - Info	Processing Component: EntityMaps
2020-12-06 20:00:04.176 - Info	Processing Component: EntityRelationships
2020-12-06 20:00:04.192 - Info	Processing Component: OrganizationSettings
2020-12-06 20:00:04.192 - Info	Processing Component: optionsets
2020-12-06 20:00:04.192 - Info	Processing Component: CustomControls
2020-12-06 20:00:04.207 - Info	 - GenericLookupPCFNamespace.GenericLookupPCFComponent
2020-12-06 20:00:04.551 - Info	Processing Component: SolutionPluginAssemblies
2020-12-06 20:00:04.551 - Info	Processing Component: EntityDataProviders
2020-12-06 20:00:04.660 - Info	
Managed Pack complete.

2020-12-07 15:48:44.244 - Info	
Packing C:\Shiva\GenericLookupPCF\GenericLookupPCFSolution\obj\Release\Metadata to bin\Release\GenericLookupPCFSolution.zip

2020-12-07 15:48:44.275 - Info	Processing Component: Entities
2020-12-07 15:48:44.275 - Info	Processing Component: Roles
2020-12-07 15:48:44.291 - Info	Processing Component: Workflows
2020-12-07 15:48:44.291 - Info	Processing Component: FieldSecurityProfiles
2020-12-07 15:48:44.291 - Info	Processing Component: Templates
2020-12-07 15:48:44.291 - Info	Processing Component: EntityMaps
2020-12-07 15:48:44.291 - Info	Processing Component: EntityRelationships
2020-12-07 15:48:44.307 - Info	Processing Component: OrganizationSettings
2020-12-07 15:48:44.307 - Info	Processing Component: optionsets
2020-12-07 15:48:44.307 - Info	Processing Component: CustomControls
2020-12-07 15:48:44.322 - Info	 - GenericLookupPCFNamespace.GenericLookupPCFComponent
2020-12-07 15:48:44.713 - Info	Processing Component: SolutionPluginAssemblies
2020-12-07 15:48:44.713 - Info	Processing Component: EntityDataProviders
2020-12-07 15:48:44.822 - Info	
Managed Pack complete.

2020-12-07 16:37:07.661 - Info	
Packing C:\Shiva\GenericLookupPCF\GenericLookupPCFSolution\obj\Release\Metadata to bin\Release\GenericLookupPCFSolution.zip

2020-12-07 16:37:07.693 - Info	Processing Component: Entities
2020-12-07 16:37:07.708 - Info	Processing Component: Roles
2020-12-07 16:37:07.708 - Info	Processing Component: Workflows
2020-12-07 16:37:07.708 - Info	Processing Component: FieldSecurityProfiles
2020-12-07 16:37:07.708 - Info	Processing Component: Templates
2020-12-07 16:37:07.708 - Info	Processing Component: EntityMaps
2020-12-07 16:37:07.708 - Info	Processing Component: EntityRelationships
2020-12-07 16:37:07.724 - Info	Processing Component: OrganizationSettings
2020-12-07 16:37:07.724 - Info	Processing Component: optionsets
2020-12-07 16:37:07.724 - Info	Processing Component: CustomControls
2020-12-07 16:37:07.740 - Info	 - GenericLookupPCFNamespace.GenericLookupPCFComponent
2020-12-07 16:37:08.130 - Info	Processing Component: SolutionPluginAssemblies
2020-12-07 16:37:08.130 - Info	Processing Component: EntityDataProviders
2020-12-07 16:37:08.255 - Info	
Managed Pack complete.

2021-02-12 14:12:11.072 - Info	
Packing C:\Shiva\GenericLookupPCF\GenericLookupPCFSolution\obj\Release\Metadata to bin\Release\GenericLookupPCFSolution.zip

2021-02-12 14:12:11.132 - Info	Processing Component: Entities
2021-02-12 14:12:11.136 - Info	Processing Component: Roles
2021-02-12 14:12:11.143 - Info	Processing Component: Workflows
2021-02-12 14:12:11.144 - Info	Processing Component: FieldSecurityProfiles
2021-02-12 14:12:11.145 - Info	Processing Component: Templates
2021-02-12 14:12:11.146 - Info	Processing Component: EntityMaps
2021-02-12 14:12:11.146 - Info	Processing Component: EntityRelationships
2021-02-12 14:12:11.164 - Info	Processing Component: OrganizationSettings
2021-02-12 14:12:11.165 - Info	Processing Component: optionsets
2021-02-12 14:12:11.166 - Info	Processing Component: CustomControls
2021-02-12 14:12:11.206 - Info	 - GenericLookupPCFNamespace.GenericLookupPCFComponent
2021-02-12 14:12:12.081 - Info	Processing Component: SolutionPluginAssemblies
2021-02-12 14:12:12.084 - Info	Processing Component: EntityDataProviders
2021-02-12 14:12:12.285 - Info	
Managed Pack complete.

2021-02-12 14:23:58.673 - Info	
Packing C:\Shiva\GenericLookupPCF\GenericLookupPCFSolution\obj\Release\Metadata to bin\Release\GenericLookupPCFSolution.zip

2021-02-12 14:23:58.704 - Info	Processing Component: Entities
2021-02-12 14:23:58.720 - Info	Processing Component: Roles
2021-02-12 14:23:58.720 - Info	Processing Component: Workflows
2021-02-12 14:23:58.720 - Info	Processing Component: FieldSecurityProfiles
2021-02-12 14:23:58.720 - Info	Processing Component: Templates
2021-02-12 14:23:58.720 - Info	Processing Component: EntityMaps
2021-02-12 14:23:58.720 - Info	Processing Component: EntityRelationships
2021-02-12 14:23:58.735 - Info	Processing Component: OrganizationSettings
2021-02-12 14:23:58.735 - Info	Processing Component: optionsets
2021-02-12 14:23:58.735 - Info	Processing Component: CustomControls
2021-02-12 14:23:58.767 - Info	 - GenericLookupPCFNamespace.GenericLookupPCFComponent
2021-02-12 14:23:59.189 - Info	Processing Component: SolutionPluginAssemblies
2021-02-12 14:23:59.189 - Info	Processing Component: EntityDataProviders
2021-02-12 14:23:59.314 - Info	
Managed Pack complete.

2021-02-12 14:31:27.658 - Info	
Packing C:\Shiva\GenericLookupPCF\GenericLookupPCFSolution\obj\Release\Metadata to bin\Release\GenericLookupPCFSolution.zip

2021-02-12 14:31:27.689 - Info	Processing Component: Entities
2021-02-12 14:31:27.689 - Info	Processing Component: Roles
2021-02-12 14:31:27.689 - Info	Processing Component: Workflows
2021-02-12 14:31:27.689 - Info	Processing Component: FieldSecurityProfiles
2021-02-12 14:31:27.689 - Info	Processing Component: Templates
2021-02-12 14:31:27.689 - Info	Processing Component: EntityMaps
2021-02-12 14:31:27.689 - Info	Processing Component: EntityRelationships
2021-02-12 14:31:27.705 - Info	Processing Component: OrganizationSettings
2021-02-12 14:31:27.705 - Info	Processing Component: optionsets
2021-02-12 14:31:27.705 - Info	Processing Component: CustomControls
2021-02-12 14:31:27.720 - Info	 - GenericLookupPCFNamespace.GenericLookupPCFComponent
2021-02-12 14:31:28.158 - Info	Processing Component: SolutionPluginAssemblies
2021-02-12 14:31:28.158 - Info	Processing Component: EntityDataProviders
2021-02-12 14:31:28.283 - Info	
Managed Pack complete.

2021-02-15 09:06:41.862 - Info	
Packing C:\Shiva\GenericLookupPCF\GenericLookupPCFSolution\obj\Release\Metadata to bin\Release\GenericLookupPCFSolution.zip and bin\Release\GenericLookupPCFSolution_managed.zip

2021-02-15 09:06:41.893 - Info	Processing Component: Entities
2021-02-15 09:06:41.893 - Info	Processing Component: Roles
2021-02-15 09:06:41.893 - Info	Processing Component: Workflows
2021-02-15 09:06:41.893 - Info	Processing Component: FieldSecurityProfiles
2021-02-15 09:06:41.893 - Info	Processing Component: Templates
2021-02-15 09:06:41.909 - Info	Processing Component: EntityMaps
2021-02-15 09:06:41.909 - Info	Processing Component: EntityRelationships
2021-02-15 09:06:41.925 - Info	Processing Component: OrganizationSettings
2021-02-15 09:06:41.925 - Info	Processing Component: optionsets
2021-02-15 09:06:41.925 - Info	Processing Component: CustomControls
2021-02-15 09:06:41.956 - Info	 - GenericLookupPCFNamespace.GenericLookupPCFComponent
2021-02-15 09:06:42.393 - Info	Processing Component: SolutionPluginAssemblies
2021-02-15 09:06:42.393 - Info	Processing Component: EntityDataProviders
2021-02-15 09:06:42.534 - Info	
Unmanaged Pack complete.

2021-02-15 09:06:42.534 - Info	Processing Component: Entities
2021-02-15 09:06:42.534 - Info	Processing Component: Roles
2021-02-15 09:06:42.534 - Info	Processing Component: Workflows
2021-02-15 09:06:42.534 - Info	Processing Component: FieldSecurityProfiles
2021-02-15 09:06:42.534 - Info	Processing Component: Templates
2021-02-15 09:06:42.534 - Info	Processing Component: EntityMaps
2021-02-15 09:06:42.534 - Info	Processing Component: EntityRelationships
2021-02-15 09:06:42.534 - Info	Processing Component: OrganizationSettings
2021-02-15 09:06:42.534 - Info	Processing Component: optionsets
2021-02-15 09:06:42.534 - Info	Processing Component: CustomControls
2021-02-15 09:06:42.534 - Info	 - GenericLookupPCFNamespace.GenericLookupPCFComponent
2021-02-15 09:06:42.550 - Info	Processing Component: SolutionPluginAssemblies
2021-02-15 09:06:42.550 - Info	Processing Component: EntityDataProviders
2021-02-15 09:06:42.659 - Info	
Managed Pack complete.

2021-03-21 19:36:51.941 - Info	
Packing C:\Shiva\GenericLookupPCF\GenericLookupPCFSolution\obj\Release\Metadata to bin\Release\GenericLookupPCFSolution.zip and bin\Release\GenericLookupPCFSolution_managed.zip

2021-03-21 19:36:52.123 - Info	Processing Component: Entities
2021-03-21 19:36:52.131 - Info	Processing Component: Roles
2021-03-21 19:36:52.139 - Info	Processing Component: Workflows
2021-03-21 19:36:52.139 - Info	Processing Component: FieldSecurityProfiles
2021-03-21 19:36:52.139 - Info	Processing Component: Templates
2021-03-21 19:36:52.149 - Info	Processing Component: EntityMaps
2021-03-21 19:36:52.149 - Info	Processing Component: EntityRelationships
2021-03-21 19:36:52.212 - Info	Processing Component: OrganizationSettings
2021-03-21 19:36:52.213 - Info	Processing Component: optionsets
2021-03-21 19:36:52.213 - Info	Processing Component: CustomControls
2021-03-21 19:36:52.297 - Info	 - GenericLookupPCFNamespace.GenericLookupPCFComponent
2021-03-21 19:36:53.595 - Info	Processing Component: SolutionPluginAssemblies
2021-03-21 19:36:53.597 - Info	Processing Component: EntityDataProviders
2021-03-21 19:36:53.817 - Info	
Unmanaged Pack complete.

2021-03-21 19:36:53.818 - Info	Processing Component: Entities
2021-03-21 19:36:53.819 - Info	Processing Component: Roles
2021-03-21 19:36:53.819 - Info	Processing Component: Workflows
2021-03-21 19:36:53.819 - Info	Processing Component: FieldSecurityProfiles
2021-03-21 19:36:53.819 - Info	Processing Component: Templates
2021-03-21 19:36:53.819 - Info	Processing Component: EntityMaps
2021-03-21 19:36:53.820 - Info	Processing Component: EntityRelationships
2021-03-21 19:36:53.820 - Info	Processing Component: OrganizationSettings
2021-03-21 19:36:53.820 - Info	Processing Component: optionsets
2021-03-21 19:36:53.820 - Info	Processing Component: CustomControls
2021-03-21 19:36:53.822 - Info	 - GenericLookupPCFNamespace.GenericLookupPCFComponent
2021-03-21 19:36:53.847 - Info	Processing Component: SolutionPluginAssemblies
2021-03-21 19:36:53.847 - Info	Processing Component: EntityDataProviders
2021-03-21 19:36:54.206 - Info	
Managed Pack complete.

